# JRE version: Java(TM) SE Runtime Environment (14.0.2+12) (build 14.0.2+12-46)
# Java VM: Java HotSpot(TM) 64-Bit Server VM (14.0.2+12-46, mixed mode, sharing, tiered, compressed oops, g1 gc, windows-amd64)
Heap:
 garbage-first heap   total 306176K, used 199101K [0x0000000082400000, 0x0000000100000000)
  region size 1024K, 68 young (69632K), 1 survivors (1024K)
 Metaspace       used 12634K, capacity 12940K, committed 13184K, reserved 1060864K
  class space    used 1243K, capacity 1399K, committed 1408K, reserved 1048576K
GC Heap History (20 events):
Event: 210.374 GC heap before
{Heap before GC invocations=119 (full 0):
 garbage-first heap   total 306176K, used 272816K [0x0000000082400000, 0x0000000100000000)
  region size 1024K, 139 young (142336K), 1 survivors (1024K)
 Metaspace       used 12542K, capacity 12876K, committed 12928K, reserved 1060864K
  class space    used 1241K, capacity 1399K, committed 1408K, reserved 1048576K
}
Event: 210.375 GC heap after
{Heap after GC invocations=120 (full 0):
 garbage-first heap   total 306176K, used 131506K [0x0000000082400000, 0x0000000100000000)
  region size 1024K, 1 young (1024K), 1 survivors (1024K)
 Metaspace       used 12542K, capacity 12876K, committed 12928K, reserved 1060864K
  class space    used 1241K, capacity 1399K, committed 1408K, reserved 1048576K
}
Event: 212.108 GC heap before
{Heap before GC invocations=120 (full 0):
 garbage-first heap   total 306176K, used 272818K [0x0000000082400000, 0x0000000100000000)
  region size 1024K, 139 young (142336K), 1 survivors (1024K)
 Metaspace       used 12542K, capacity 12876K, committed 12928K, reserved 1060864K
  class space    used 1241K, capacity 1399K, committed 1408K, reserved 1048576K
}
Event: 212.109 GC heap after
{Heap after GC invocations=121 (full 0):
 garbage-first heap   total 306176K, used 131506K [0x0000000082400000, 0x0000000100000000)
  region size 1024K, 1 young (1024K), 1 survivors (1024K)
 Metaspace       used 12542K, capacity 12876K, committed 12928K, reserved 1060864K
  class space    used 1241K, capacity 1399K, committed 1408K, reserved 1048576K
}
Event: 213.858 GC heap before
{Heap before GC invocations=121 (full 0):
 garbage-first heap   total 306176K, used 272818K [0x0000000082400000, 0x0000000100000000)
  region size 1024K, 139 young (142336K), 1 survivors (1024K)
 Metaspace       used 12542K, capacity 12876K, committed 12928K, reserved 1060864K
  class space    used 1241K, capacity 1399K, committed 1408K, reserved 1048576K
}
Event: 213.859 GC heap after
{Heap after GC invocations=122 (full 0):
 garbage-first heap   total 306176K, used 131510K [0x0000000082400000, 0x0000000100000000)
  region size 1024K, 1 young (1024K), 1 survivors (1024K)
 Metaspace       used 12542K, capacity 12876K, committed 12928K, reserved 1060864K
  class space    used 1241K, capacity 1399K, committed 1408K, reserved 1048576K
}
Event: 215.607 GC heap before
{Heap before GC invocations=122 (full 0):
 garbage-first heap   total 306176K, used 272822K [0x0000000082400000, 0x0000000100000000)
  region size 1024K, 139 young (142336K), 1 survivors (1024K)
 Metaspace       used 12542K, capacity 12876K, committed 12928K, reserved 1060864K
  class space    used 1241K, capacity 1399K, committed 1408K, reserved 1048576K
}
Event: 215.609 GC heap after
{Heap after GC invocations=123 (full 0):
 garbage-first heap   total 306176K, used 131510K [0x0000000082400000, 0x0000000100000000)
  region size 1024K, 1 young (1024K), 1 survivors (1024K)
 Metaspace       used 12542K, capacity 12876K, committed 12928K, reserved 1060864K
  class space    used 1241K, capacity 1399K, committed 1408K, reserved 1048576K
}
Event: 217.342 GC heap before
{Heap before GC invocations=123 (full 0):
 garbage-first heap   total 306176K, used 272822K [0x0000000082400000, 0x0000000100000000)
  region size 1024K, 139 young (142336K), 1 survivors (1024K)
 Metaspace       used 12542K, capacity 12876K, committed 12928K, reserved 1060864K
  class space    used 1241K, capacity 1399K, committed 1408K, reserved 1048576K
}
Event: 217.343 GC heap after
{Heap after GC invocations=124 (full 0):
 garbage-first heap   total 306176K, used 131508K [0x0000000082400000, 0x0000000100000000)
  region size 1024K, 1 young (1024K), 1 survivors (1024K)
 Metaspace       used 12542K, capacity 12876K, committed 12928K, reserved 1060864K
  class space    used 1241K, capacity 1399K, committed 1408K, reserved 1048576K
}
Event: 219.091 GC heap before
{Heap before GC invocations=124 (full 0):
 garbage-first heap   total 306176K, used 272820K [0x0000000082400000, 0x0000000100000000)
  region size 1024K, 139 young (142336K), 1 survivors (1024K)
 Metaspace       used 12542K, capacity 12876K, committed 12928K, reserved 1060864K
  class space    used 1241K, capacity 1399K, committed 1408K, reserved 1048576K
}
Event: 219.092 GC heap after
{Heap after GC invocations=125 (full 0):
 garbage-first heap   total 306176K, used 131510K [0x0000000082400000, 0x0000000100000000)
  region size 1024K, 1 young (1024K), 1 survivors (1024K)
 Metaspace       used 12542K, capacity 12876K, committed 12928K, reserved 1060864K
  class space    used 1241K, capacity 1399K, committed 1408K, reserved 1048576K
}
Event: 220.829 GC heap before
{Heap before GC invocations=125 (full 0):
 garbage-first heap   total 306176K, used 272822K [0x0000000082400000, 0x0000000100000000)
  region size 1024K, 139 young (142336K), 1 survivors (1024K)
 Metaspace       used 12542K, capacity 12876K, committed 12928K, reserved 1060864K
  class space    used 1241K, capacity 1399K, committed 1408K, reserved 1048576K
}
Event: 220.830 GC heap after
{Heap after GC invocations=126 (full 0):
 garbage-first heap   total 306176K, used 131509K [0x0000000082400000, 0x0000000100000000)
  region size 1024K, 1 young (1024K), 1 survivors (1024K)
 Metaspace       used 12542K, capacity 12876K, committed 12928K, reserved 1060864K
  class space    used 1241K, capacity 1399K, committed 1408K, reserved 1048576K
}
Event: 222.575 GC heap before
{Heap before GC invocations=126 (full 0):
 garbage-first heap   total 306176K, used 272821K [0x0000000082400000, 0x0000000100000000)
  region size 1024K, 139 young (142336K), 1 survivors (1024K)
 Metaspace       used 12542K, capacity 12876K, committed 12928K, reserved 1060864K
  class space    used 1241K, capacity 1399K, committed 1408K, reserved 1048576K
}
Event: 222.576 GC heap after
{Heap after GC invocations=127 (full 0):
 garbage-first heap   total 306176K, used 131510K [0x0000000082400000, 0x0000000100000000)
  region size 1024K, 1 young (1024K), 1 survivors (1024K)
 Metaspace       used 12542K, capacity 12876K, committed 12928K, reserved 1060864K
  class space    used 1241K, capacity 1399K, committed 1408K, reserved 1048576K
}
Event: 224.324 GC heap before
{Heap before GC invocations=127 (full 0):
 garbage-first heap   total 306176K, used 272822K [0x0000000082400000, 0x0000000100000000)
  region size 1024K, 139 young (142336K), 1 survivors (1024K)
 Metaspace       used 12542K, capacity 12876K, committed 12928K, reserved 1060864K
  class space    used 1241K, capacity 1399K, committed 1408K, reserved 1048576K
}
Event: 224.325 GC heap after
{Heap after GC invocations=128 (full 0):
 garbage-first heap   total 306176K, used 131512K [0x0000000082400000, 0x0000000100000000)
  region size 1024K, 1 young (1024K), 1 survivors (1024K)
 Metaspace       used 12542K, capacity 12876K, committed 12928K, reserved 1060864K
  class space    used 1241K, capacity 1399K, committed 1408K, reserved 1048576K
}
Event: 226.058 GC heap before
{Heap before GC invocations=128 (full 0):
 garbage-first heap   total 306176K, used 272824K [0x0000000082400000, 0x0000000100000000)
  region size 1024K, 139 young (142336K), 1 survivors (1024K)
 Metaspace       used 12542K, capacity 12876K, committed 12928K, reserved 1060864K
  class space    used 1241K, capacity 1399K, committed 1408K, reserved 1048576K
}
Event: 226.059 GC heap after
{Heap after GC invocations=129 (full 0):
 garbage-first heap   total 306176K, used 131517K [0x0000000082400000, 0x0000000100000000)
  region size 1024K, 1 young (1024K), 1 survivors (1024K)
 Metaspace       used 12542K, capacity 12876K, committed 12928K, reserved 1060864K
  class space    used 1241K, capacity 1399K, committed 1408K, reserved 1048576K
}

